[2017-02-22 07:04:57] START
[2017-02-22 07:11:56] EDIT pestlist/views/default/index.html: 0
[2017-02-22 07:12:30] EDIT pestlist/views/default/index.html: 0
[2017-02-22 07:20:03] EDIT pestlist/controllers/default.py: 0
[2017-02-22 07:29:53] EDIT pestlist/views/default/index.html: -17
[2017-02-22 07:33:29] EDIT pestlist/views/default/index.html: 2
[2017-02-22 07:34:23] EDIT pestlist/views/default/index.html: -19
[2017-02-22 07:36:10] EDIT pestlist/views/default/index.html: -1
[2017-02-22 07:36:52] EDIT pestlist/views/default/index.html: 0
[2017-02-22 07:44:51] EDIT pestlist/views/default/index.html: 4
[2017-02-22 07:50:04] EDIT pestlist/views/default/index.html: 0
[2017-02-22 07:54:17] EDIT pestlist/views/default/index.html: 0
[2017-02-22 13:41:15] EDIT pestlist/models/db.py: 3
[2017-02-22 13:46:52] EDIT pestlist/controllers/default.py: 3
[2017-02-22 15:13:45] EDIT pestlist/controllers/default.py: 0
[2017-02-22 15:16:12] EDIT pestlist/controllers/default.py: -1
[2017-02-22 16:22:28] EDIT pestlist/controllers/default.py: 3
[2017-02-22 16:24:16] EDIT pestlist/controllers/default.py: 0
[2017-02-22 16:28:04] EDIT pestlist/controllers/default.py: 0
[2017-02-22 16:35:22] EDIT pestlist/controllers/default.py: 27
[2017-02-22 18:58:33] EDIT pestlist/controllers/default.py: 3
[2017-02-22 18:59:28] EDIT pestlist/controllers/default.py: 0
[2017-02-22 19:02:28] EDIT pestlist/controllers/default.py: 0
[2017-02-22 19:10:07] EDIT pestlist/controllers/default.py: 2
[2017-02-22 19:11:35] EDIT pestlist/controllers/default.py: 0
[2017-02-22 19:48:20] EDIT pestlist/views/default/index.html: 3
[2017-02-22 19:49:45] EDIT pestlist/views/default/index.html: 0
[2017-02-22 19:54:20] EDIT pestlist/views/default/index.html: 0
[2017-02-22 19:54:22] EDIT pestlist/views/default/index.html: 0
[2017-02-22 19:54:51] EDIT pestlist/views/default/index.html: 0
[2017-02-22 19:54:58] EDIT pestlist/views/default/index.html: 0
[2017-02-23 15:28:18] EDIT pestlist/controllers/default.py: 8
[2017-02-23 15:29:57] EDIT pestlist/controllers/default.py: 0
[2017-02-23 15:31:02] EDIT pestlist/controllers/default.py: -1
[2017-02-23 15:31:10] EDIT pestlist/controllers/default.py: 0
[2017-02-23 15:31:41] EDIT pestlist/controllers/default.py: 0
[2017-02-23 15:31:59] EDIT pestlist/controllers/default.py: 0
[2017-02-23 15:32:31] EDIT pestlist/controllers/default.py: 0
[2017-02-23 15:34:21] EDIT pestlist/controllers/default.py: 1
[2017-02-23 15:35:09] EDIT pestlist/controllers/default.py: 1
[2017-02-23 15:38:54] EDIT pestlist/controllers/default.py: 0
[2017-02-23 15:41:21] EDIT pestlist/controllers/default.py: -1
[2017-02-23 15:44:38] EDIT pestlist/controllers/default.py: 0
[2017-02-23 15:45:25] EDIT pestlist/controllers/default.py: 0
[2017-02-23 15:45:56] EDIT pestlist/controllers/default.py: 1
[2017-02-23 15:49:42] EDIT pestlist/controllers/default.py: 0
[2017-02-23 15:50:46] EDIT pestlist/controllers/default.py: 0
[2017-02-23 15:56:04] EDIT pestlist/controllers/default.py: 1
[2017-02-23 15:56:46] EDIT pestlist/controllers/default.py: 0
[2017-02-23 16:01:35] EDIT pestlist/controllers/default.py: 3
[2017-02-23 16:08:31] EDIT pestlist/controllers/default.py: 1
[2017-02-23 16:17:05] EDIT pestlist/controllers/default.py: -1
[2017-02-23 16:18:08] EDIT pestlist/controllers/default.py: 0
[2017-02-23 16:25:26] EDIT pestlist/controllers/default.py: -2
[2017-02-23 16:25:59] EDIT pestlist/controllers/default.py: 0
[2017-02-25 14:47:09] EDIT pestlist/models/db.py: 6
[2017-02-25 15:02:21] EDIT pestlist/controllers/default.py: 42
[2017-02-25 15:05:00] EDIT pestlist/controllers/default.py: 0
[2017-02-25 15:07:09] EDIT pestlist/controllers/default.py: 0
[2017-02-25 15:10:48] EDIT pestlist/controllers/default.py: 0
[2017-02-25 15:12:03] EDIT pestlist/controllers/default.py: 0
[2017-02-25 15:15:56] EDIT pestlist/controllers/default.py: 0
[2017-02-25 15:43:48] EDIT pestlist/controllers/default.py: 4
[2017-02-25 15:45:20] EDIT pestlist/controllers/default.py: -1
[2017-02-25 15:50:17] EDIT pestlist/controllers/default.py: 0
[2017-02-25 15:52:54] EDIT pestlist/controllers/default.py: 0
[2017-02-26 16:42:36] EDIT pestlist/controllers/default.py: -6
[2017-02-26 16:43:20] EDIT pestlist/controllers/default.py: 0
[2017-02-26 16:57:59] EDIT pestlist/controllers/default.py: 0
[2017-02-26 17:01:49] EDIT pestlist/controllers/default.py: 1
[2017-02-26 17:04:16] EDIT pestlist/controllers/default.py: 0
[2017-02-26 17:05:47] EDIT pestlist/controllers/default.py: 0
[2017-02-26 17:11:12] EDIT pestlist/controllers/default.py: 0
[2017-02-26 17:11:31] EDIT pestlist/controllers/default.py: 0
[2017-02-26 17:12:39] EDIT pestlist/controllers/default.py: 0
[2017-02-26 17:13:23] EDIT pestlist/controllers/default.py: 0
[2017-02-26 17:15:13] EDIT pestlist/controllers/default.py: 0
[2017-02-26 17:15:41] EDIT pestlist/controllers/default.py: 0
[2017-02-26 18:02:38] EDIT pestlist/controllers/default.py: 1
[2017-02-26 18:04:52] EDIT pestlist/controllers/default.py: 1
[2017-02-26 18:19:37] EDIT pestlist/controllers/default.py: 8
[2017-02-26 18:22:32] EDIT pestlist/controllers/default.py: 1
[2017-02-26 18:23:09] EDIT pestlist/controllers/default.py: 0
[2017-02-26 18:25:11] EDIT pestlist/controllers/default.py: 1
[2017-02-26 18:26:09] EDIT pestlist/controllers/default.py: 1
[2017-02-26 18:26:56] EDIT pestlist/controllers/default.py: 0
[2017-02-26 18:27:48] EDIT pestlist/controllers/default.py: -1
[2017-02-26 18:28:46] EDIT pestlist/controllers/default.py: 0
[2017-02-26 18:30:09] EDIT pestlist/controllers/default.py: 1
[2017-02-26 18:32:56] EDIT pestlist/controllers/default.py: 1
[2017-02-26 18:33:03] EDIT pestlist/controllers/default.py: 0
[2017-02-26 18:35:55] EDIT pestlist/controllers/default.py: -2
[2017-02-26 18:36:44] EDIT pestlist/controllers/default.py: 0
[2017-02-26 18:43:12] EDIT pestlist/controllers/default.py: 0
[2017-02-26 18:46:43] EDIT pestlist/controllers/default.py: 3
[2017-02-26 18:47:46] EDIT pestlist/controllers/default.py: 1
[2017-02-26 18:49:57] EDIT pestlist/controllers/default.py: 0
[2017-02-26 18:51:06] EDIT pestlist/controllers/default.py: 1
[2017-02-26 18:55:43] EDIT pestlist/controllers/default.py: -2
[2017-02-26 18:56:46] EDIT pestlist/controllers/default.py: 0
[2017-03-03 16:16:39] EDIT pestlist/controllers/default.py: -1
[2017-05-01 13:59:27] EDIT pestlist/models/db.py: 0
[2017-05-01 14:00:49] EDIT pestlist/models/db.py: 0
[2017-05-01 14:43:26] EDIT pestlist/models/db.py: 0
[2017-05-01 14:47:52] EDIT pestlist/models/db.py: 0
[2017-05-01 15:09:21] EDIT pestlist/models/db.py: 1
[2017-05-03 08:01:30] EDIT pestlist/controllers/default.py: 5
[2017-05-03 08:02:30] EDIT pestlist/controllers/default.py: 0
[2017-05-03 08:02:54] EDIT pestlist/controllers/default.py: 0
[2017-05-03 08:10:46] EDIT pestlist/controllers/default.py: 0
[2017-05-03 08:31:32] EDIT pestlist/controllers/default.py: -2
[2017-05-03 08:32:58] EDIT pestlist/controllers/default.py: 0
[2017-05-03 08:36:25] EDIT pestlist/controllers/default.py: 0
[2017-05-06 07:39:21] EDIT pestlist/controllers/default.py: 2
[2017-05-06 07:41:42] EDIT pestlist/controllers/default.py: 0
[2017-05-15 14:29:19] CREATE site.py: 0
[2017-05-15 14:36:06] EDIT pestlist/controllers/site.py: 4
[2017-05-15 14:36:49] EDIT pestlist/controllers/site.py: 0
[2017-05-15 15:21:22] EDIT pestlist/controllers/site.py: 2
[2017-05-15 15:22:18] EDIT pestlist/controllers/site.py: -2
[2017-05-15 15:23:28] EDIT pestlist/controllers/site.py: 0
[2017-05-15 15:31:33] EDIT pestlist/controllers/site.py: 2
[2017-05-15 15:32:35] EDIT pestlist/controllers/site.py: 0
[2017-05-15 15:32:53] EDIT pestlist/controllers/site.py: 0
[2017-05-15 15:35:07] EDIT pestlist/controllers/site.py: 3
[2017-05-15 15:35:31] EDIT pestlist/controllers/site.py: 0
[2017-05-15 15:36:13] EDIT pestlist/controllers/site.py: 1
[2017-05-15 15:38:15] EDIT pestlist/controllers/site.py: 1
[2017-05-15 15:40:18] EDIT pestlist/controllers/site.py: -2
[2017-05-15 15:53:48] EDIT pestlist/controllers/site.py: 2
[2017-05-15 15:55:50] EDIT pestlist/controllers/site.py: 0
[2017-05-15 15:56:37] EDIT pestlist/controllers/site.py: 0
[2017-05-15 15:57:02] EDIT pestlist/controllers/site.py: 0
[2017-05-15 15:57:35] EDIT pestlist/controllers/site.py: 0
[2017-05-15 15:59:25] EDIT pestlist/controllers/site.py: 0
[2017-05-15 16:00:44] EDIT pestlist/controllers/site.py: 1
[2017-05-15 16:03:44] EDIT pestlist/controllers/site.py: 0
[2017-05-15 16:04:37] EDIT pestlist/controllers/site.py: 0
[2017-05-15 16:13:18] EDIT pestlist/controllers/site.py: 2
[2017-05-15 16:13:31] EDIT pestlist/controllers/site.py: 0
[2017-05-15 16:15:10] EDIT pestlist/controllers/site.py: 0
[2017-05-15 16:15:16] EDIT pestlist/controllers/site.py: 0
[2017-05-15 16:16:39] EDIT pestlist/controllers/site.py: 2
[2017-05-15 16:16:55] EDIT pestlist/controllers/site.py: 0
[2017-05-15 16:17:34] EDIT pestlist/controllers/site.py: 0
[2017-05-15 16:18:00] EDIT pestlist/controllers/site.py: 0
[2017-05-15 16:22:15] EDIT pestlist/controllers/site.py: 0
[2017-05-15 16:23:15] CREATE crop_page.html: 0
[2017-05-15 16:25:30] EDIT pestlist/views/crop_page.html: 1
[2017-05-15 16:26:58] EDIT pestlist/controllers/site.py: 1
[2017-05-15 16:27:28] EDIT pestlist/controllers/site.py: 0
[2017-05-15 16:28:42] EDIT pestlist/controllers/site.py: 2
[2017-05-15 16:28:58] EDIT pestlist/controllers/site.py: 0
[2017-05-15 16:33:17] EDIT pestlist/controllers/site.py: 0
[2017-05-15 16:33:40] EDIT pestlist/controllers/site.py: 0
[2017-05-15 16:34:27] EDIT pestlist/controllers/site.py: 1
[2017-05-15 16:36:41] EDIT pestlist/views/crop_page.html: 2
[2017-05-15 16:38:29] EDIT pestlist/views/crop_page.html: 1
[2017-05-15 16:40:27] EDIT pestlist/controllers/site.py: 0
[2017-05-15 16:41:26] EDIT pestlist/controllers/site.py: 0
[2017-05-15 16:43:17] CREATE site/crop_page.html: 0
[2017-05-15 16:44:10] EDIT pestlist/views/site/crop_page.html: 1
[2017-05-15 16:44:56] EDIT pestlist/controllers/site.py: 0
[2017-05-15 16:45:04] EDIT pestlist/controllers/site.py: 0
[2017-05-15 16:45:49] EDIT pestlist/views/site/crop_page.html: 0
[2017-05-15 16:50:29] EDIT pestlist/controllers/default.py: 18
[2017-05-15 16:52:15] DELETE pestlist/controllers/site.py: -21
[2017-05-15 16:54:10] CREATE default/crop_page.html: 0
[2017-05-15 16:55:10] EDIT pestlist/views/crop_page.html: 1
[2017-05-15 16:57:36] EDIT pestlist/controllers/default.py: 0
[2017-05-15 16:59:38] EDIT pestlist/controllers/default.py: 0
[2017-05-15 17:01:23] DELETE pestlist/views/crop_page.html: -8
[2017-05-15 17:02:44] EDIT pestlist/views/default/crop_page.html: 0
[2017-05-15 17:06:23] EDIT pestlist/controllers/default.py: 0
[2017-05-15 17:22:16] EDIT pestlist/views/default/crop_page.html: 2
[2017-05-15 17:26:26] EDIT pestlist/views/default/crop_page.html: -2
[2017-05-15 17:28:57] EDIT pestlist/controllers/default.py: 0
[2017-05-15 17:30:15] EDIT pestlist/controllers/default.py: 0
[2017-05-15 17:32:12] EDIT pestlist/views/default/crop_page.html: 2
[2017-05-15 17:33:32] EDIT pestlist/views/default/crop_page.html: 0
[2017-05-15 17:36:53] EDIT pestlist/controllers/default.py: -1
[2017-05-15 17:39:15] EDIT pestlist/views/default/crop_page.html: 1
[2017-05-15 18:21:23] EDIT pestlist/views/default/crop_page.html: 1
[2017-05-15 18:29:38] EDIT pestlist/views/default/crop_page.html: 1
[2017-05-15 18:30:04] EDIT pestlist/views/default/crop_page.html: 0
[2017-05-15 18:33:50] EDIT pestlist/controllers/default.py: 1
[2017-05-15 18:35:27] EDIT pestlist/views/default/crop_page.html: 5
[2017-05-15 18:37:24] EDIT pestlist/views/default/crop_page.html: 0
[2017-05-15 18:41:47] EDIT pestlist/views/default/crop_page.html: 0
[2017-05-15 18:42:32] EDIT pestlist/views/default/crop_page.html: 0
[2017-05-15 18:42:51] EDIT pestlist/views/default/crop_page.html: 0
[2017-05-15 18:43:37] EDIT pestlist/views/default/crop_page.html: 0
[2017-05-15 18:45:00] EDIT pestlist/controllers/default.py: 0
[2017-05-15 18:47:56] EDIT pestlist/views/default/crop_page.html: 0
[2017-05-15 18:49:30] EDIT pestlist/views/default/crop_page.html: 0
[2017-05-15 18:49:54] EDIT pestlist/views/default/crop_page.html: 0
[2017-05-15 18:50:24] EDIT pestlist/views/default/crop_page.html: 0
[2017-05-15 18:50:48] EDIT pestlist/views/default/crop_page.html: 0
[2017-05-15 18:51:24] EDIT pestlist/views/default/crop_page.html: 0
[2017-05-15 18:51:50] EDIT pestlist/views/default/crop_page.html: 0
[2017-05-15 18:52:36] EDIT pestlist/controllers/default.py: 0
[2017-05-15 18:53:47] EDIT pestlist/controllers/default.py: 0
[2017-05-15 18:54:22] EDIT pestlist/controllers/default.py: 0
[2017-05-16 02:00:39] EDIT pestlist/views/default/crop_page.html: -1
[2017-05-16 02:08:58] EDIT pestlist/controllers/default.py: 1
[2017-05-16 02:09:36] EDIT pestlist/views/default/crop_page.html: 0
[2017-05-16 02:13:17] EDIT pestlist/controllers/default.py: 0
[2017-05-16 02:13:36] EDIT pestlist/views/default/crop_page.html: 0
[2017-05-16 02:14:53] EDIT pestlist/controllers/default.py: -1
[2017-05-16 02:32:19] EDIT pestlist/controllers/default.py: 3
[2017-05-16 02:32:47] EDIT pestlist/controllers/default.py: 0
[2017-05-16 02:33:28] EDIT pestlist/controllers/default.py: 0
[2017-05-16 02:34:16] EDIT pestlist/controllers/default.py: 0
[2017-05-16 02:35:12] EDIT pestlist/controllers/default.py: 0
[2017-05-16 02:36:01] EDIT pestlist/controllers/default.py: 0
[2017-05-16 02:43:13] EDIT pestlist/controllers/default.py: 2
[2017-05-16 02:44:16] EDIT pestlist/controllers/default.py: 1
[2017-05-16 02:51:38] EDIT pestlist/controllers/default.py: -6
[2017-05-16 02:52:37] EDIT pestlist/views/default/crop_page.html: 0
[2017-05-16 02:52:43] EDIT pestlist/views/default/crop_page.html: 0
[2017-05-16 02:53:50] EDIT pestlist/views/default/crop_page.html: 0
[2017-05-16 03:02:18] EDIT pestlist/controllers/default.py: 3
[2017-05-16 03:03:05] EDIT pestlist/controllers/default.py: 0
[2017-05-16 03:07:29] EDIT pestlist/views/default/crop_page.html: 0
[2017-05-16 03:13:40] EDIT pestlist/controllers/default.py: 1
[2017-05-16 03:14:05] EDIT pestlist/controllers/default.py: 0
[2017-05-16 03:18:04] EDIT pestlist/controllers/default.py: -1
[2017-05-16 03:18:28] EDIT pestlist/controllers/default.py: 0
[2017-05-16 07:25:23] EDIT pestlist/controllers/default.py: 7
[2017-05-16 07:44:43] EDIT pestlist/controllers/default.py: 0
[2017-05-16 07:46:46] EDIT pestlist/controllers/default.py: 0
[2017-05-16 07:47:53] EDIT pestlist/controllers/default.py: 1
[2017-05-16 07:58:16] EDIT pestlist/controllers/default.py: -4
[2017-05-16 07:58:48] EDIT pestlist/controllers/default.py: -4
[2017-05-16 08:00:06] EDIT pestlist/controllers/default.py: 0
[2017-05-16 08:00:50] EDIT pestlist/controllers/default.py: 0
[2017-05-16 14:30:42] EDIT pestlist/controllers/default.py: 0
[2017-05-16 15:07:39] DELETE pestlist/views/site/crop_page.html: -4
[2017-05-16 15:08:05] CREATE default/crop_index.html: 0
[2017-05-16 15:08:38] EDIT pestlist/views/default/crop_index.html: -2
[2017-05-16 15:08:51] EDIT pestlist/views/default/crop_index.html: 0
[2017-05-16 15:09:21] EDIT pestlist/views/default/crop_index.html: 1
[2017-05-16 15:10:53] EDIT pestlist/views/default/crop_index.html: 4
[2017-05-16 15:11:54] EDIT pestlist/views/default/crop_index.html: 0
[2017-05-16 15:13:23] EDIT pestlist/views/default/crop_index.html: 0
[2017-05-16 15:13:41] EDIT pestlist/views/default/crop_index.html: 0
[2017-05-16 15:15:23] EDIT pestlist/views/default/crop_index.html: 0
[2017-05-16 15:18:09] EDIT pestlist/views/default/crop_index.html: 0
[2017-05-16 15:18:43] EDIT pestlist/views/default/crop_index.html: 0
[2017-05-16 15:33:34] EDIT pestlist/views/default/crop_index.html: 17
[2017-05-16 15:36:10] EDIT pestlist/views/default/crop_index.html: 6
[2017-05-16 15:38:27] EDIT pestlist/views/default/crop_index.html: -9
[2017-05-16 15:40:10] EDIT pestlist/views/default/crop_index.html: 0
[2017-05-16 15:48:24] EDIT pestlist/views/default/crop_index.html: 1
[2017-05-16 15:51:42] EDIT pestlist/views/default/crop_index.html: 1
[2017-05-16 15:56:15] EDIT pestlist/views/default/crop_index.html: 1
[2017-05-16 15:57:00] EDIT pestlist/views/default/crop_index.html: 0
[2017-05-16 15:57:42] EDIT pestlist/views/default/crop_index.html: 0
[2017-05-16 15:58:12] EDIT pestlist/views/default/crop_index.html: 0
[2017-05-16 16:00:56] EDIT pestlist/views/default/crop_index.html: 2
[2017-05-16 16:01:53] EDIT pestlist/views/default/crop_index.html: 0
[2017-05-16 16:02:34] EDIT pestlist/views/default/crop_index.html: 0
[2017-05-16 16:03:07] EDIT pestlist/views/default/crop_index.html: 0
[2017-05-16 16:05:25] EDIT pestlist/views/default/crop_index.html: 0
[2017-05-16 16:10:22] EDIT pestlist/views/default/crop_page.html: 17
[2017-05-16 16:13:15] EDIT pestlist/views/default/crop_page.html: -3
[2017-05-16 16:16:03] EDIT pestlist/views/default/crop_page.html: 0
[2017-05-16 16:42:36] EDIT pestlist/views/default/crop_index.html: 1
[2017-05-17 09:29:48] EDIT pestlist/controllers/default.py: 10
[2017-05-17 09:31:25] EDIT pestlist/controllers/default.py: 0
[2017-05-17 09:31:58] EDIT pestlist/controllers/default.py: -1
[2017-05-17 09:32:36] EDIT pestlist/controllers/default.py: 2
[2017-05-17 09:32:46] EDIT pestlist/controllers/default.py: -2
[2017-05-17 09:33:00] EDIT pestlist/controllers/default.py: 0
[2017-05-17 09:33:39] EDIT pestlist/controllers/default.py: 0
[2017-05-17 09:33:45] EDIT pestlist/controllers/default.py: 0
[2017-05-17 09:34:16] EDIT pestlist/controllers/default.py: 0
[2017-05-17 09:35:09] EDIT pestlist/controllers/default.py: 0
[2017-05-17 09:35:51] EDIT pestlist/controllers/default.py: 0
[2017-05-17 09:41:04] EDIT pestlist/controllers/default.py: 0
[2017-05-17 09:41:33] EDIT pestlist/controllers/default.py: 0
[2017-05-17 09:41:50] EDIT pestlist/controllers/default.py: 0
[2017-05-17 09:57:12] EDIT pestlist/controllers/default.py: 0
[2017-05-17 10:05:32] EDIT pestlist/views/default/crop_index.html: 0
[2017-05-17 10:06:17] EDIT pestlist/views/default/crop_index.html: 0
[2017-05-17 10:07:20] EDIT pestlist/views/default/crop_index.html: 0
[2017-05-17 10:08:09] EDIT pestlist/views/default/crop_index.html: 0
[2017-05-17 10:18:24] EDIT pestlist/views/default/crop_index.html: 1
[2017-05-17 10:19:05] EDIT pestlist/views/default/crop_index.html: 0
[2017-05-17 10:19:36] EDIT pestlist/views/default/crop_index.html: 0
[2017-05-17 10:28:36] EDIT pestlist/views/default/crop_index.html: 0
[2017-05-17 10:29:17] EDIT pestlist/views/default/crop_index.html: 0
[2017-05-17 10:41:56] EDIT pestlist/views/default/crop_index.html: 0
[2017-05-17 10:42:55] EDIT pestlist/views/default/crop_index.html: 0
[2017-05-17 10:44:13] EDIT pestlist/views/default/crop_index.html: 0
[2017-05-17 10:44:45] EDIT pestlist/views/default/crop_index.html: 0
[2017-05-17 10:57:50] EDIT pestlist/views/default/crop_index.html: 1
[2017-05-17 10:59:20] EDIT pestlist/views/default/crop_index.html: 0
[2017-05-17 11:00:09] EDIT pestlist/views/default/crop_index.html: 0
[2017-05-17 11:05:29] EDIT pestlist/views/default/crop_index.html: 0
[2017-05-17 11:09:30] EDIT pestlist/views/default/crop_index.html: 1
[2017-05-17 11:11:39] EDIT pestlist/views/default/crop_index.html: 0
[2017-05-17 11:13:02] EDIT pestlist/views/default/crop_index.html: 1
[2017-05-17 11:14:16] EDIT pestlist/views/default/crop_index.html: 0
[2017-05-17 17:02:34] EDIT pestlist/views/default/crop_index.html: 1
[2017-05-18 15:28:40] EDIT pestlist/models/db.py: 7
[2017-05-18 15:28:53] EDIT pestlist/models/db.py: 0
[2017-05-18 15:29:47] EDIT pestlist/models/db.py: 0
[2017-05-18 15:30:50] EDIT pestlist/models/db.py: 0
[2017-05-18 17:36:10] EDIT pestlist/controllers/default.py: 3
[2017-05-18 18:41:19] EDIT pestlist/controllers/default.py: 0
[2017-05-18 18:42:19] EDIT pestlist/controllers/default.py: 0
[2017-05-18 18:43:14] EDIT pestlist/controllers/default.py: 0
[2017-05-18 18:43:52] EDIT pestlist/controllers/default.py: 1
[2017-05-18 18:52:25] EDIT pestlist/models/db.py: 4
[2017-05-18 18:53:46] EDIT pestlist/models/db.py: 0
[2017-05-18 18:55:11] EDIT pestlist/models/db.py: 0
[2017-05-18 18:56:49] EDIT pestlist/models/db.py: 0
[2017-05-21 14:00:10] EDIT pestlist/views/default/crop_page.html: 0
[2017-05-21 14:14:17] CREATE default/crop_page.html: 0
