[2017-06-11 09:53:02] START
[2017-06-11 09:59:58] EDIT postgres/models/db.py: 0
[2017-06-11 10:00:59] EDIT postgres/models/db.py: 0
[2017-06-11 10:04:49] EDIT postgres/models/db.py: 0
[2017-06-11 10:12:37] EDIT postgres/models/db.py: 0
[2017-06-11 10:16:46] EDIT postgres/models/db.py: 12
[2017-06-11 10:51:47] EDIT postgres/models/db.py: 4
[2017-06-11 13:37:25] EDIT postgres/controllers/default.py: 3
[2017-06-11 13:46:01] EDIT postgres/controllers/default.py: 0
[2017-06-11 13:57:15] EDIT postgres/controllers/default.py: 0
[2017-06-11 14:02:24] EDIT postgres/controllers/default.py: 3
[2017-06-11 14:05:20] EDIT postgres/controllers/default.py: 0
[2017-06-11 14:21:26] EDIT postgres/controllers/default.py: 0
[2017-06-11 14:31:52] EDIT postgres/controllers/default.py: 1
[2017-06-11 14:44:54] EDIT postgres/controllers/default.py: 8
[2017-06-11 14:47:05] EDIT postgres/controllers/default.py: 2
[2017-06-11 14:48:11] EDIT postgres/controllers/default.py: 1
[2017-06-11 14:48:59] EDIT postgres/controllers/default.py: 0
[2017-06-11 15:08:43] EDIT postgres/controllers/default.py: 15
[2017-06-11 15:10:18] EDIT postgres/controllers/default.py: 0
[2017-06-11 15:19:25] EDIT postgres/controllers/default.py: 0
[2017-06-11 15:23:10] EDIT postgres/controllers/default.py: 2
[2017-06-11 15:23:36] EDIT postgres/controllers/default.py: 0
[2017-06-11 15:25:13] EDIT postgres/controllers/default.py: 0
[2017-06-11 15:35:12] EDIT postgres/models/db.py: 0
[2017-06-11 15:38:45] EDIT postgres/models/db.py: 0
[2017-06-11 16:26:10] EDIT postgres/controllers/default.py: 35
[2017-06-11 16:28:35] CREATE default/display_tax_tree.html: 0
[2017-06-11 16:28:54] EDIT postgres/views/default/display_tax_tree.html: 44
[2017-06-11 18:48:36] EDIT postgres/models/db.py: 0
[2017-06-11 18:51:44] EDIT postgres/models/db.py: 0
[2017-06-11 18:52:56] EDIT postgres/models/db.py: 0
[2017-06-11 18:57:59] EDIT postgres/models/db.py: 2
[2017-06-11 19:26:22] EDIT postgres/models/db.py: 2
[2017-06-13 06:58:45] EDIT postgres/models/db.py: 0
[2017-06-13 09:06:01] EDIT postgres/models/db.py: 1
[2017-06-13 09:09:13] EDIT postgres/controllers/default.py: 3
[2017-06-13 09:09:26] EDIT postgres/controllers/default.py: 0
[2017-06-13 09:12:02] EDIT postgres/controllers/default.py: 0
[2017-06-13 09:16:31] EDIT postgres/models/db.py: 19
[2017-06-13 09:22:00] EDIT postgres/controllers/default.py: 1
[2017-06-13 09:39:47] EDIT postgres/controllers/default.py: 7
[2017-06-13 09:40:33] EDIT postgres/controllers/default.py: 1
[2017-06-13 09:44:46] EDIT postgres/controllers/default.py: 2
[2017-06-13 09:48:36] EDIT postgres/controllers/default.py: 0
[2017-06-13 09:49:44] EDIT postgres/controllers/default.py: 0
[2017-06-13 09:51:25] EDIT postgres/controllers/default.py: -9
[2017-06-13 09:53:13] EDIT postgres/controllers/default.py: 1
[2017-06-13 09:54:58] EDIT postgres/controllers/default.py: 0
[2017-06-13 09:55:35] EDIT postgres/controllers/default.py: 0
[2017-06-13 09:58:16] EDIT postgres/controllers/default.py: 0
[2017-06-13 10:41:43] EDIT postgres/controllers/default.py: 5
[2017-06-13 10:46:15] EDIT postgres/controllers/default.py: 0
[2017-06-13 10:47:40] EDIT postgres/controllers/default.py: 0
[2017-06-13 10:54:09] EDIT postgres/controllers/default.py: 1
[2017-06-13 10:55:15] EDIT postgres/controllers/default.py: 0
[2017-06-13 10:56:24] EDIT postgres/controllers/default.py: 0
[2017-06-13 10:56:58] EDIT postgres/controllers/default.py: 0
[2017-06-13 11:01:57] EDIT postgres/controllers/default.py: 2
[2017-06-13 11:04:23] EDIT postgres/controllers/default.py: 0
[2017-06-13 11:10:03] EDIT postgres/controllers/default.py: -1
[2017-06-13 11:10:25] EDIT postgres/controllers/default.py: 0
[2017-06-13 11:13:16] EDIT postgres/controllers/default.py: 1
[2017-06-13 11:14:58] EDIT postgres/controllers/default.py: 0
[2017-06-13 11:31:04] EDIT postgres/controllers/default.py: 2
[2017-06-13 11:31:19] EDIT postgres/controllers/default.py: 0
[2017-06-13 11:32:23] EDIT postgres/controllers/default.py: 0
[2017-06-13 11:33:31] EDIT postgres/controllers/default.py: -5
[2017-06-13 11:39:49] EDIT postgres/controllers/default.py: 0
[2017-06-13 11:41:11] EDIT postgres/controllers/default.py: 2
[2017-06-13 11:41:54] EDIT postgres/controllers/default.py: -1
[2017-06-24 12:08:58] CREATE newt.py: 0
[2017-06-24 12:11:00] DELETE postgres/models/newt.py: 0
[2017-06-24 16:39:52] EDIT postgres/controllers/default.py: 0
[2017-07-12 20:26:43] EDIT postgres/controllers/default.py: -4
[2017-07-12 20:28:46] EDIT postgres/controllers/default.py: 0
[2017-07-12 20:29:58] EDIT postgres/controllers/default.py: 0
[2017-07-12 20:31:14] EDIT postgres/controllers/default.py: 0
[2017-07-12 20:31:51] EDIT postgres/controllers/default.py: 1
[2017-07-13 16:52:39] EDIT postgres/models/db.py: 0
[2017-07-13 16:54:18] EDIT postgres/models/db.py: 0
[2017-07-13 19:32:15] EDIT postgres/controllers/default.py: 3
[2017-07-13 19:34:11] EDIT postgres/controllers/default.py: -3
[2017-07-14 13:14:10] EDIT postgres/controllers/default.py: 2
[2017-07-14 13:14:46] EDIT postgres/controllers/default.py: -10
[2017-07-14 13:15:00] EDIT postgres/controllers/default.py: 0
[2017-07-14 13:28:04] EDIT postgres/controllers/default.py: 1
[2017-07-14 13:29:29] EDIT postgres/controllers/default.py: 0
[2017-07-14 13:30:36] EDIT postgres/controllers/default.py: 0
[2017-07-14 13:32:13] EDIT postgres/controllers/default.py: 0
[2017-07-14 13:35:55] EDIT postgres/controllers/default.py: 2
[2017-07-14 13:36:05] EDIT postgres/controllers/default.py: 0
[2017-07-14 13:37:16] EDIT postgres/controllers/default.py: 0
[2017-07-14 13:40:01] EDIT postgres/controllers/default.py: 0
[2017-07-14 15:11:01] EDIT postgres/controllers/default.py: -3
[2017-07-14 15:42:03] EDIT postgres/models/db.py: 0
[2017-07-14 15:43:06] EDIT postgres/models/db.py: 0
[2017-07-14 15:44:34] EDIT postgres/models/db.py: 0
[2017-07-14 16:06:10] EDIT postgres/controllers/default.py: 1
[2017-07-14 16:39:32] EDIT postgres/controllers/default.py: 0
[2017-07-14 16:42:44] EDIT postgres/controllers/default.py: 0
[2017-07-14 17:33:27] EDIT postgres/views/default/crop_index.html: 0
[2017-07-14 17:33:48] EDIT postgres/controllers/default.py: 0
[2017-07-14 17:35:22] EDIT postgres/views/default/crop_index.html: 0
[2017-07-14 17:39:05] EDIT postgres/views/default/crop_index.html: 2
[2017-07-14 17:40:37] EDIT postgres/views/default/crop_index.html: -2
[2017-07-14 17:41:56] EDIT postgres/views/default/crop_index.html: 0
[2017-07-14 20:08:12] EDIT postgres/controllers/default.py: -1
[2017-07-14 20:08:47] EDIT postgres/controllers/default.py: 0
[2017-07-14 20:10:13] EDIT postgres/controllers/default.py: 0
[2017-07-14 20:10:39] EDIT postgres/controllers/default.py: 0
[2017-07-14 20:11:36] EDIT postgres/controllers/default.py: 0
[2017-07-14 20:13:31] EDIT postgres/controllers/default.py: 0
[2017-07-14 20:13:51] EDIT postgres/controllers/default.py: 0
[2017-07-14 20:14:38] EDIT postgres/controllers/default.py: 0
[2017-07-14 20:17:37] EDIT postgres/controllers/default.py: 2
[2017-07-14 20:18:21] EDIT postgres/controllers/default.py: -1
[2017-07-14 20:20:42] EDIT postgres/controllers/default.py: 0
[2017-07-14 20:21:02] EDIT postgres/controllers/default.py: 0
[2017-07-14 20:22:01] EDIT postgres/controllers/default.py: -1
[2017-07-14 20:27:11] EDIT postgres/controllers/default.py: 0
[2017-07-14 20:28:37] EDIT postgres/controllers/default.py: 0
[2017-07-14 20:29:06] EDIT postgres/controllers/default.py: 0
[2017-07-14 20:30:13] EDIT postgres/controllers/default.py: 0
[2017-07-14 20:38:44] EDIT postgres/controllers/default.py: 0
[2017-07-14 20:39:39] EDIT postgres/controllers/default.py: 0
[2017-07-14 20:40:33] EDIT postgres/controllers/default.py: 1
[2017-07-14 20:41:18] EDIT postgres/controllers/default.py: 0
[2017-07-14 20:43:04] EDIT postgres/controllers/default.py: 0
[2017-07-14 20:45:26] EDIT postgres/controllers/default.py: 0
[2017-07-14 20:47:44] EDIT postgres/controllers/default.py: 0
[2017-07-14 20:48:12] EDIT postgres/controllers/default.py: 0
[2017-07-14 20:49:24] EDIT postgres/controllers/default.py: 0
[2017-07-14 20:50:25] EDIT postgres/views/default/crop_index.html: 0
[2017-07-14 20:50:47] EDIT postgres/controllers/default.py: 0
[2017-07-14 20:50:52] EDIT postgres/views/default/crop_index.html: 0
[2017-07-14 21:06:13] EDIT postgres/controllers/default.py: 4
[2017-07-14 21:07:30] EDIT postgres/controllers/default.py: 1
[2017-07-14 21:09:36] EDIT postgres/controllers/default.py: 0
[2017-07-14 21:25:19] EDIT postgres/controllers/default.py: 1
[2017-07-14 21:25:34] EDIT postgres/controllers/default.py: 0
[2017-07-14 21:27:22] EDIT postgres/controllers/default.py: 0
[2017-07-14 21:28:19] EDIT postgres/controllers/default.py: 0
[2017-07-14 21:28:59] EDIT postgres/controllers/default.py: 0
[2017-07-14 21:29:32] EDIT postgres/controllers/default.py: 0
[2017-07-14 21:30:25] EDIT postgres/views/default/crop_index.html: 0
[2017-07-14 21:52:26] EDIT postgres/controllers/default.py: -6
[2017-07-14 21:54:14] EDIT postgres/views/default/crop_index.html: 0
[2017-07-14 21:57:47] EDIT postgres/controllers/default.py: 4
[2017-07-14 21:58:04] EDIT postgres/controllers/default.py: 0
[2017-07-14 22:00:35] EDIT postgres/controllers/default.py: 1
[2017-07-14 22:02:47] EDIT postgres/views/default/crop_index.html: -2
[2017-07-14 22:05:39] EDIT postgres/controllers/default.py: 1
[2017-07-14 22:08:14] EDIT postgres/controllers/default.py: 0
[2017-07-14 22:09:29] EDIT postgres/controllers/default.py: 0
[2017-07-14 22:10:53] EDIT postgres/controllers/default.py: -2
[2017-07-14 22:13:53] EDIT postgres/views/default/crop_index.html: 2
[2017-07-14 22:15:30] EDIT postgres/views/default/crop_index.html: 0
[2017-07-14 22:16:58] EDIT postgres/views/default/crop_index.html: 0
[2017-07-14 22:17:47] EDIT postgres/views/default/crop_index.html: 0
[2017-07-14 22:19:27] EDIT postgres/controllers/default.py: 0
[2017-07-14 22:20:29] EDIT postgres/views/default/crop_index.html: 0
[2017-07-14 22:25:37] EDIT postgres/views/default/crop_index.html: 6
