timestamp: 2017-06-08T21:21:05.886572
CREATE TABLE bugwood(
    id INT AUTO_INCREMENT NOT NULL,
    autid VARCHAR(512),
    baseimgurl VARCHAR(512),
    imgnum VARCHAR(512),
    landscape VARCHAR(512),
    organization VARCHAR(512),
    photographer VARCHAR(512),
    scientificName VARCHAR(512),
    sub_id VARCHAR(512),
    sub_name VARCHAR(512),
    PRIMARY KEY (id)
) ENGINE=InnoDB CHARACTER SET utf8;
faked!
timestamp: 2017-06-08T21:21:05.888573
CREATE TABLE pacific_pests(
    id INT AUTO_INCREMENT NOT NULL,
    url VARCHAR(512),
    scientific_name VARCHAR(512),
    PRIMARY KEY (id)
) ENGINE=InnoDB CHARACTER SET utf8;
faked!
timestamp: 2017-06-08T21:21:05.890653
CREATE TABLE location_recode(
    id INT AUTO_INCREMENT NOT NULL,
    raw_string VARCHAR(512),
    location VARCHAR(512),
    confirmed CHAR(1),
    new_island_record CHAR(1),
    PRIMARY KEY (id)
) ENGINE=InnoDB CHARACTER SET utf8;
faked!
timestamp: 2017-06-08T21:21:05.892378
CREATE TABLE extracted_names(
    id INT AUTO_INCREMENT NOT NULL,
    extracted_names_json LONGTEXT,
    PRIMARY KEY (id)
) ENGINE=InnoDB CHARACTER SET utf8;
faked!
timestamp: 2017-06-08T21:21:05.894552
CREATE TABLE taxon(
    id INT AUTO_INCREMENT NOT NULL,
    tid VARCHAR(512) UNIQUE,
    name VARCHAR(512),
    trank VARCHAR(512),
    parent_tid VARCHAR(512), CONSTRAINT  `FK_taxon_parent_tid__constraint` FOREIGN KEY (parent_tid) REFERENCES taxon (tid) ON DELETE CASCADE,
    PRIMARY KEY (id)
) ENGINE=InnoDB CHARACTER SET utf8;
faked!
timestamp: 2017-06-08T21:21:05.896757
CREATE TABLE taxon2(
    id INT AUTO_INCREMENT NOT NULL,
    tid VARCHAR(512) UNIQUE,
    parent_tid VARCHAR(512),
    name VARCHAR(512),
    trank VARCHAR(512),
    lineage VARCHAR(512),
    PRIMARY KEY (id)
) ENGINE=InnoDB CHARACTER SET utf8;
faked!
timestamp: 2017-06-08T21:21:05.898687
CREATE TABLE syn(
    id INT AUTO_INCREMENT NOT NULL,
    taxon INT  , INDEX taxon__idx (taxon), FOREIGN KEY (taxon) REFERENCES taxon2 (id) ON DELETE CASCADE,
    synonym VARCHAR(512),
    PRIMARY KEY (id)
) ENGINE=InnoDB CHARACTER SET utf8;
faked!
timestamp: 2017-06-08T21:21:05.900625
CREATE TABLE vernacular(
    id INT AUTO_INCREMENT NOT NULL,
    t1 INT  , INDEX t1__idx (t1), FOREIGN KEY (t1) REFERENCES taxon2 (id) ON DELETE CASCADE,
    language VARCHAR(512),
    source VARCHAR(512),
    name VARCHAR(512),
    PRIMARY KEY (id)
) ENGINE=InnoDB CHARACTER SET utf8;
faked!
timestamp: 2017-06-08T21:21:05.902518
CREATE TABLE synonym2(
    id INT AUTO_INCREMENT NOT NULL,
    t1 INT  , INDEX t1__idx (t1), FOREIGN KEY (t1) REFERENCES taxon2 (id) ON DELETE CASCADE,
    name VARCHAR(512),
    source VARCHAR(512),
    PRIMARY KEY (id)
) ENGINE=InnoDB CHARACTER SET utf8;
faked!
timestamp: 2017-06-08T21:21:05.904241
CREATE TABLE geo(
    id INT AUTO_INCREMENT NOT NULL,
    name VARCHAR(512) UNIQUE,
    parent_name VARCHAR(512),
    lineage VARCHAR(512),
    PRIMARY KEY (id)
) ENGINE=InnoDB CHARACTER SET utf8;
faked!
timestamp: 2017-06-08T21:21:05.906310
CREATE TABLE taxgeo(
    id INT AUTO_INCREMENT NOT NULL,
    t1 INT  , INDEX t1__idx (t1), FOREIGN KEY (t1) REFERENCES taxon2 (id) ON DELETE CASCADE,
    name INT  , INDEX name__idx (name), FOREIGN KEY (name) REFERENCES geo (id) ON DELETE CASCADE,
    PRIMARY KEY (id)
) ENGINE=InnoDB CHARACTER SET utf8;
faked!
timestamp: 2017-06-08T21:21:05.908182
CREATE TABLE image(
    id INT AUTO_INCREMENT NOT NULL,
    t1 INT  , INDEX t1__idx (t1), FOREIGN KEY (t1) REFERENCES taxon2 (id) ON DELETE CASCADE,
    image_link LONGTEXT,
    PRIMARY KEY (id)
) ENGINE=InnoDB CHARACTER SET utf8;
faked!
timestamp: 2017-06-08T21:21:05.910392
CREATE TABLE associate2(
    id INT AUTO_INCREMENT NOT NULL,
    t1 INT  , INDEX t1__idx (t1), FOREIGN KEY (t1) REFERENCES taxon2 (id) ON DELETE CASCADE,
    t2 INT  , INDEX t2__idx (t2), FOREIGN KEY (t2) REFERENCES taxon2 (id) ON DELETE CASCADE,
    type VARCHAR(512),
    note VARCHAR(512),
    PRIMARY KEY (id)
) ENGINE=InnoDB CHARACTER SET utf8;
faked!
timestamp: 2017-06-08T21:21:05.912285
CREATE TABLE resolved_names(
    id INT AUTO_INCREMENT NOT NULL,
    supplied_name_string VARCHAR(512),
    classification_path VARCHAR(512) UNIQUE,
    classification_path_ids VARCHAR(512) UNIQUE,
    classification_path_ranks VARCHAR(512),
    PRIMARY KEY (id)
) ENGINE=InnoDB CHARACTER SET utf8;
faked!
timestamp: 2017-06-08T21:21:05.923772
CREATE TABLE uno(
    id INT AUTO_INCREMENT NOT NULL,
    data_sources_number VARCHAR(512),
    in_curated_sources VARCHAR(512),
    is_known_name VARCHAR(512),
    supplied_name_string VARCHAR(512),
    canonical_form VARCHAR(512),
    classification_path VARCHAR(512),
    classification_path_ids VARCHAR(512),
    classification_path_ranks VARCHAR(512),
    current_name_string VARCHAR(512),
    current_taxon_id VARCHAR(512),
    data_source_id VARCHAR(512),
    data_source_title VARCHAR(512),
    edit_distance VARCHAR(512),
    gni_uuid VARCHAR(512),
    imported_at VARCHAR(512),
    match_type VARCHAR(512),
    match_value VARCHAR(512),
    name_string VARCHAR(512),
    prescore VARCHAR(512),
    score VARCHAR(512),
    taxon_id VARCHAR(512),
    is_active CHAR(1),
    created_on DATETIME,
    created_by INT  , INDEX created_by__idx (created_by), FOREIGN KEY (created_by) REFERENCES auth_user (id) ON DELETE CASCADE,
    modified_on DATETIME,
    modified_by INT  , INDEX modified_by__idx (modified_by), FOREIGN KEY (modified_by) REFERENCES auth_user (id) ON DELETE CASCADE,
    PRIMARY KEY (id)
) ENGINE=InnoDB CHARACTER SET utf8;
faked!
timestamp: 2017-06-08T21:21:05.932232
CREATE TABLE duo(
    id INT AUTO_INCREMENT NOT NULL,
    data_sources_number VARCHAR(512),
    in_curated_sources VARCHAR(512),
    is_known_name VARCHAR(512),
    supplied_name_string VARCHAR(512),
    canonical_form VARCHAR(512),
    classification_path VARCHAR(512),
    classification_path_ids VARCHAR(512),
    classification_path_ranks VARCHAR(512),
    current_name_string VARCHAR(512),
    current_taxon_id VARCHAR(512),
    data_source_id VARCHAR(512),
    data_source_title VARCHAR(512),
    edit_distance VARCHAR(512),
    gni_uuid VARCHAR(512),
    imported_at VARCHAR(512),
    match_type VARCHAR(512),
    match_value VARCHAR(512),
    name_string VARCHAR(512),
    prescore VARCHAR(512),
    score VARCHAR(512),
    taxon_id VARCHAR(512),
    is_active CHAR(1),
    created_on DATETIME,
    created_by INT  , INDEX created_by__idx (created_by), FOREIGN KEY (created_by) REFERENCES auth_user (id) ON DELETE CASCADE,
    modified_on DATETIME,
    modified_by INT  , INDEX modified_by__idx (modified_by), FOREIGN KEY (modified_by) REFERENCES auth_user (id) ON DELETE CASCADE,
    PRIMARY KEY (id)
) ENGINE=InnoDB CHARACTER SET utf8;
faked!
timestamp: 2017-06-08T21:21:05.934484
CREATE TABLE factsheet(
    id INT AUTO_INCREMENT NOT NULL,
    t1 INT  , INDEX t1__idx (t1), FOREIGN KEY (t1) REFERENCES taxon2 (id) ON DELETE CASCADE,
    url VARCHAR(512),
    PRIMARY KEY (id)
) ENGINE=InnoDB CHARACTER SET utf8;
faked!
timestamp: 2017-06-08T21:21:05.936548
CREATE TABLE bwood(
    id INT AUTO_INCREMENT NOT NULL,
    autid VARCHAR(512),
    baseimgurl VARCHAR(512),
    imgnum VARCHAR(512),
    landscape VARCHAR(512),
    organization VARCHAR(512),
    photographer VARCHAR(512),
    scientificName VARCHAR(512),
    sub_id VARCHAR(512),
    sub_name VARCHAR(512),
    PRIMARY KEY (id)
) ENGINE=InnoDB CHARACTER SET utf8;
faked!
timestamp: 2017-06-08T21:21:05.939526
CREATE TABLE b(
    id INT AUTO_INCREMENT NOT NULL,
    baseimgurl VARCHAR(512),
    imgnum VARCHAR(512),
    landscape VARCHAR(512),
    organization VARCHAR(512),
    photographer VARCHAR(512),
    scientificName VARCHAR(512),
    sub_id VARCHAR(512),
    sub_name VARCHAR(512),
    PRIMARY KEY (id)
) ENGINE=InnoDB CHARACTER SET utf8;
faked!
timestamp: 2017-06-08T21:21:05.940988
CREATE TABLE a(
    id INT AUTO_INCREMENT NOT NULL,
    a VARCHAR(512),
    b VARCHAR(512),
    PRIMARY KEY (id)
) ENGINE=InnoDB CHARACTER SET utf8;
faked!
timestamp: 2017-06-08T21:21:05.947512
CREATE TABLE uno_archive(
    current_record INT  , INDEX current_record__idx (current_record), FOREIGN KEY (current_record) REFERENCES uno (id) ON DELETE CASCADE,
    id INT AUTO_INCREMENT NOT NULL,
    data_sources_number VARCHAR(512),
    in_curated_sources VARCHAR(512),
    is_known_name VARCHAR(512),
    supplied_name_string VARCHAR(512),
    canonical_form VARCHAR(512),
    classification_path VARCHAR(512),
    classification_path_ids VARCHAR(512),
    classification_path_ranks VARCHAR(512),
    current_name_string VARCHAR(512),
    current_taxon_id VARCHAR(512),
    data_source_id VARCHAR(512),
    data_source_title VARCHAR(512),
    edit_distance VARCHAR(512),
    gni_uuid VARCHAR(512),
    imported_at VARCHAR(512),
    match_type VARCHAR(512),
    match_value VARCHAR(512),
    name_string VARCHAR(512),
    prescore VARCHAR(512),
    score VARCHAR(512),
    taxon_id VARCHAR(512),
    is_active CHAR(1),
    created_on DATETIME,
    created_by INT  , INDEX created_by__idx (created_by), FOREIGN KEY (created_by) REFERENCES auth_user (id) ON DELETE CASCADE,
    modified_on DATETIME,
    modified_by INT  , INDEX modified_by__idx (modified_by), FOREIGN KEY (modified_by) REFERENCES auth_user (id) ON DELETE CASCADE,
    PRIMARY KEY (id)
) ENGINE=InnoDB CHARACTER SET utf8;
faked!
timestamp: 2017-06-08T21:21:05.952817
CREATE TABLE duo_archive(
    current_record INT  , INDEX current_record__idx (current_record), FOREIGN KEY (current_record) REFERENCES duo (id) ON DELETE CASCADE,
    id INT AUTO_INCREMENT NOT NULL,
    data_sources_number VARCHAR(512),
    in_curated_sources VARCHAR(512),
    is_known_name VARCHAR(512),
    supplied_name_string VARCHAR(512),
    canonical_form VARCHAR(512),
    classification_path VARCHAR(512),
    classification_path_ids VARCHAR(512),
    classification_path_ranks VARCHAR(512),
    current_name_string VARCHAR(512),
    current_taxon_id VARCHAR(512),
    data_source_id VARCHAR(512),
    data_source_title VARCHAR(512),
    edit_distance VARCHAR(512),
    gni_uuid VARCHAR(512),
    imported_at VARCHAR(512),
    match_type VARCHAR(512),
    match_value VARCHAR(512),
    name_string VARCHAR(512),
    prescore VARCHAR(512),
    score VARCHAR(512),
    taxon_id VARCHAR(512),
    is_active CHAR(1),
    created_on DATETIME,
    created_by INT  , INDEX created_by__idx (created_by), FOREIGN KEY (created_by) REFERENCES auth_user (id) ON DELETE CASCADE,
    modified_on DATETIME,
    modified_by INT  , INDEX modified_by__idx (modified_by), FOREIGN KEY (modified_by) REFERENCES auth_user (id) ON DELETE CASCADE,
    PRIMARY KEY (id)
) ENGINE=InnoDB CHARACTER SET utf8;
faked!
timestamp: 2017-06-08T21:29:23.056124
CREATE TABLE bugwood(
    id INT AUTO_INCREMENT NOT NULL,
    autid VARCHAR(512),
    baseimgurl VARCHAR(512),
    imgnum VARCHAR(512),
    landscape VARCHAR(512),
    organization VARCHAR(512),
    photographer VARCHAR(512),
    scientificName VARCHAR(512),
    sub_id VARCHAR(512),
    sub_name VARCHAR(512),
    PRIMARY KEY (id)
) ENGINE=InnoDB CHARACTER SET utf8;
faked!
timestamp: 2017-06-10T11:34:01.724247
ALTER TABLE image ADD url LONGTEXT UNIQUE;
faked!
timestamp: 2017-06-10T11:34:01.727086
ALTER TABLE image ADD attribution VARCHAR(512);
faked!
timestamp: 2017-06-10T11:34:01.728164
ALTER TABLE image ADD weight INT;
faked!
timestamp: 2017-06-10T11:34:01.728735
ALTER TABLE image DROP COLUMN image_link;
faked!
timestamp: 2017-06-10T11:44:42.430798
CREATE TABLE image2(
    id INT AUTO_INCREMENT NOT NULL,
    t1 INT  , INDEX t1__idx (t1), FOREIGN KEY (t1) REFERENCES taxon2 (id) ON DELETE CASCADE,
    url VARCHAR(512) UNIQUE,
    attribution VARCHAR(512),
    weight INT,
    PRIMARY KEY (id)
) ENGINE=InnoDB CHARACTER SET utf8;
faked!
